<?xml version="1.0" encoding="UTF-8"?>
<testsuite xmlns:xsi="http://www.w3.org/2001/XMLSchema-instance" xsi:noNamespaceSchemaLocation="https://maven.apache.org/surefire/maven-surefire-plugin/xsd/surefire-test-report-3.0.xsd" version="3.0" name="TestSuite" time="28.311" tests="1" errors="0" skipped="0" failures="0">
  <properties>
    <property name="gopherProxySet" value="false"/>
    <property name="awt.toolkit" value="sun.lwawt.macosx.LWCToolkit"/>
    <property name="java.specification.version" value="10"/>
    <property name="file.encoding.pkg" value="sun.io"/>
    <property name="sun.cpu.isalist" value=""/>
    <property name="sun.jnu.encoding" value="UTF-8"/>
    <property name="java.class.path" value="/Users/joyshen/VRMakerAutomation/target/test-classes:/Users/joyshen/VRMakerAutomation/target/classes:/Users/joyshen/.m2/repository/org/seleniumhq/selenium/selenium-java/3.141.59/selenium-java-3.141.59.jar:/Users/joyshen/.m2/repository/org/seleniumhq/selenium/selenium-api/3.141.59/selenium-api-3.141.59.jar:/Users/joyshen/.m2/repository/org/seleniumhq/selenium/selenium-chrome-driver/3.141.59/selenium-chrome-driver-3.141.59.jar:/Users/joyshen/.m2/repository/org/seleniumhq/selenium/selenium-edge-driver/3.141.59/selenium-edge-driver-3.141.59.jar:/Users/joyshen/.m2/repository/org/seleniumhq/selenium/selenium-firefox-driver/3.141.59/selenium-firefox-driver-3.141.59.jar:/Users/joyshen/.m2/repository/org/seleniumhq/selenium/selenium-ie-driver/3.141.59/selenium-ie-driver-3.141.59.jar:/Users/joyshen/.m2/repository/org/seleniumhq/selenium/selenium-opera-driver/3.141.59/selenium-opera-driver-3.141.59.jar:/Users/joyshen/.m2/repository/org/seleniumhq/selenium/selenium-remote-driver/3.141.59/selenium-remote-driver-3.141.59.jar:/Users/joyshen/.m2/repository/org/seleniumhq/selenium/selenium-safari-driver/3.141.59/selenium-safari-driver-3.141.59.jar:/Users/joyshen/.m2/repository/org/seleniumhq/selenium/selenium-support/3.141.59/selenium-support-3.141.59.jar:/Users/joyshen/.m2/repository/net/bytebuddy/byte-buddy/1.8.15/byte-buddy-1.8.15.jar:/Users/joyshen/.m2/repository/org/apache/commons/commons-exec/1.3/commons-exec-1.3.jar:/Users/joyshen/.m2/repository/com/google/guava/guava/25.0-jre/guava-25.0-jre.jar:/Users/joyshen/.m2/repository/com/google/code/findbugs/jsr305/1.3.9/jsr305-1.3.9.jar:/Users/joyshen/.m2/repository/org/checkerframework/checker-compat-qual/2.0.0/checker-compat-qual-2.0.0.jar:/Users/joyshen/.m2/repository/com/google/errorprone/error_prone_annotations/2.1.3/error_prone_annotations-2.1.3.jar:/Users/joyshen/.m2/repository/com/google/j2objc/j2objc-annotations/1.1/j2objc-annotations-1.1.jar:/Users/joyshen/.m2/repository/org/codehaus/mojo/animal-sniffer-annotations/1.14/animal-sniffer-annotations-1.14.jar:/Users/joyshen/.m2/repository/com/squareup/okhttp3/okhttp/3.11.0/okhttp-3.11.0.jar:/Users/joyshen/.m2/repository/com/squareup/okio/okio/1.14.0/okio-1.14.0.jar:/Users/joyshen/.m2/repository/io/appium/java-client/7.0.0/java-client-7.0.0.jar:/Users/joyshen/.m2/repository/com/google/code/gson/gson/2.8.5/gson-2.8.5.jar:/Users/joyshen/.m2/repository/org/apache/httpcomponents/httpclient/4.5.6/httpclient-4.5.6.jar:/Users/joyshen/.m2/repository/org/apache/httpcomponents/httpcore/4.4.10/httpcore-4.4.10.jar:/Users/joyshen/.m2/repository/commons-logging/commons-logging/1.2/commons-logging-1.2.jar:/Users/joyshen/.m2/repository/cglib/cglib/3.2.8/cglib-3.2.8.jar:/Users/joyshen/.m2/repository/org/ow2/asm/asm/6.2.1/asm-6.2.1.jar:/Users/joyshen/.m2/repository/commons-validator/commons-validator/1.6/commons-validator-1.6.jar:/Users/joyshen/.m2/repository/commons-beanutils/commons-beanutils/1.9.2/commons-beanutils-1.9.2.jar:/Users/joyshen/.m2/repository/commons-digester/commons-digester/1.8.1/commons-digester-1.8.1.jar:/Users/joyshen/.m2/repository/commons-collections/commons-collections/3.2.2/commons-collections-3.2.2.jar:/Users/joyshen/.m2/repository/org/apache/commons/commons-lang3/3.8/commons-lang3-3.8.jar:/Users/joyshen/.m2/repository/commons-io/commons-io/2.6/commons-io-2.6.jar:/Users/joyshen/.m2/repository/org/springframework/spring-context/5.1.0.RELEASE/spring-context-5.1.0.RELEASE.jar:/Users/joyshen/.m2/repository/org/springframework/spring-aop/5.1.0.RELEASE/spring-aop-5.1.0.RELEASE.jar:/Users/joyshen/.m2/repository/org/springframework/spring-beans/5.1.0.RELEASE/spring-beans-5.1.0.RELEASE.jar:/Users/joyshen/.m2/repository/org/springframework/spring-core/5.1.0.RELEASE/spring-core-5.1.0.RELEASE.jar:/Users/joyshen/.m2/repository/org/springframework/spring-jcl/5.1.0.RELEASE/spring-jcl-5.1.0.RELEASE.jar:/Users/joyshen/.m2/repository/org/springframework/spring-expression/5.1.0.RELEASE/spring-expression-5.1.0.RELEASE.jar:/Users/joyshen/.m2/repository/org/aspectj/aspectjweaver/1.9.1/aspectjweaver-1.9.1.jar:/Users/joyshen/.m2/repository/org/slf4j/slf4j-api/1.7.25/slf4j-api-1.7.25.jar:/Users/joyshen/.m2/repository/org/uncommons/reportng/1.1.4/reportng-1.1.4.jar:/Users/joyshen/.m2/repository/velocity/velocity/1.4/velocity-1.4.jar:/Users/joyshen/.m2/repository/velocity/velocity-dep/1.4/velocity-dep-1.4.jar:/Users/joyshen/.m2/repository/javax/mail/mail/1.4.7/mail-1.4.7.jar:/Users/joyshen/.m2/repository/javax/activation/activation/1.1/activation-1.1.jar:/Users/joyshen/.m2/repository/com/google/inject/guice/4.2.2/guice-4.2.2.jar:/Users/joyshen/.m2/repository/javax/inject/javax.inject/1/javax.inject-1.jar:/Users/joyshen/.m2/repository/aopalliance/aopalliance/1.0/aopalliance-1.0.jar:/Users/joyshen/.m2/repository/com/aventstack/extentreports/3.1.2/extentreports-3.1.2.jar:/Users/joyshen/.m2/repository/org/freemarker/freemarker/2.3.23/freemarker-2.3.23.jar:/Users/joyshen/.m2/repository/org/mongodb/mongodb-driver/3.3.0/mongodb-driver-3.3.0.jar:/Users/joyshen/.m2/repository/org/mongodb/bson/3.3.0/bson-3.3.0.jar:/Users/joyshen/.m2/repository/org/mongodb/mongodb-driver-core/3.3.0/mongodb-driver-core-3.3.0.jar:/Users/joyshen/.m2/repository/org/apache/httpcomponents/httpmime/4.5.2/httpmime-4.5.2.jar:/Users/joyshen/.m2/repository/org/jsoup/jsoup/1.9.2/jsoup-1.9.2.jar:/Users/joyshen/.m2/repository/org/testng/testng/6.9.5/testng-6.9.5.jar:/Users/joyshen/.m2/repository/junit/junit/4.10/junit-4.10.jar:/Users/joyshen/.m2/repository/org/hamcrest/hamcrest-core/1.1/hamcrest-core-1.1.jar:/Users/joyshen/.m2/repository/com/beust/jcommander/1.48/jcommander-1.48.jar:/Users/joyshen/.m2/repository/org/apache/ant/ant/1.7.0/ant-1.7.0.jar:/Users/joyshen/.m2/repository/org/apache/ant/ant-launcher/1.7.0/ant-launcher-1.7.0.jar:/Users/joyshen/.m2/repository/com/google/inject/guice/4.0/guice-4.0-no_aop.jar:/Users/joyshen/.m2/repository/org/yaml/snakeyaml/1.15/snakeyaml-1.15.jar:/Users/joyshen/.m2/repository/org/beanshell/bsh/2.0b4/bsh-2.0b4.jar:/Users/joyshen/.m2/repository/org/apache/poi/poi/4.1.0/poi-4.1.0.jar:/Users/joyshen/.m2/repository/commons-codec/commons-codec/1.12/commons-codec-1.12.jar:/Users/joyshen/.m2/repository/org/apache/commons/commons-collections4/4.3/commons-collections4-4.3.jar:/Users/joyshen/.m2/repository/org/apache/commons/commons-math3/3.6.1/commons-math3-3.6.1.jar:/Users/joyshen/.m2/repository/org/apache/poi/poi-ooxml/4.1.0/poi-ooxml-4.1.0.jar:/Users/joyshen/.m2/repository/org/apache/poi/poi-ooxml-schemas/4.1.0/poi-ooxml-schemas-4.1.0.jar:/Users/joyshen/.m2/repository/org/apache/xmlbeans/xmlbeans/3.1.0/xmlbeans-3.1.0.jar:/Users/joyshen/.m2/repository/org/apache/commons/commons-compress/1.18/commons-compress-1.18.jar:/Users/joyshen/.m2/repository/com/github/virtuald/curvesapi/1.06/curvesapi-1.06.jar:/Users/joyshen/.m2/repository/log4j/log4j/1.2.15/log4j-1.2.15.jar:/Users/joyshen/.m2/repository/com/relevantcodes/extentreports/2.41.2/extentreports-2.41.2.jar:/Users/joyshen/.m2/repository/org/xerial/sqlite-jdbc/3.8.11.1/sqlite-jdbc-3.8.11.1.jar:/Users/joyshen/.m2/repository/org/apache/logging/log4j/log4j-core/2.12.0/log4j-core-2.12.0.jar:/Users/joyshen/.m2/repository/org/apache/logging/log4j/log4j-api/2.12.0/log4j-api-2.12.0.jar:"/>
    <property name="java.vm.vendor" value="&quot;Oracle Corporation&quot;"/>
    <property name="sun.arch.data.model" value="64"/>
    <property name="java.vendor.url" value="http://java.oracle.com/"/>
    <property name="user.timezone" value=""/>
    <property name="java.vm.specification.version" value="10"/>
    <property name="os.name" value="Mac OS X"/>
    <property name="sun.java.launcher" value="SUN_STANDARD"/>
    <property name="user.country" value="TW"/>
    <property name="sun.boot.library.path" value="/Library/Java/JavaVirtualMachines/jdk-10.0.2.jdk/Contents/Home/lib"/>
    <property name="sun.java.command" value="/Users/joyshen/VRMakerAutomation/target/surefire/surefirebooter7112198576428634502.jar /Users/joyshen/VRMakerAutomation/target/surefire 2019-12-16T18-16-57_516-jvmRun1 surefire3885497700276414165tmp surefire_07254076751706902914tmp"/>
    <property name="http.nonProxyHosts" value="local|*.local|169.254/16|*.169.254/16"/>
    <property name="jdk.debug" value="release"/>
    <property name="surefire.test.class.path" value="/Users/joyshen/VRMakerAutomation/target/test-classes:/Users/joyshen/VRMakerAutomation/target/classes:/Users/joyshen/.m2/repository/org/seleniumhq/selenium/selenium-java/3.141.59/selenium-java-3.141.59.jar:/Users/joyshen/.m2/repository/org/seleniumhq/selenium/selenium-api/3.141.59/selenium-api-3.141.59.jar:/Users/joyshen/.m2/repository/org/seleniumhq/selenium/selenium-chrome-driver/3.141.59/selenium-chrome-driver-3.141.59.jar:/Users/joyshen/.m2/repository/org/seleniumhq/selenium/selenium-edge-driver/3.141.59/selenium-edge-driver-3.141.59.jar:/Users/joyshen/.m2/repository/org/seleniumhq/selenium/selenium-firefox-driver/3.141.59/selenium-firefox-driver-3.141.59.jar:/Users/joyshen/.m2/repository/org/seleniumhq/selenium/selenium-ie-driver/3.141.59/selenium-ie-driver-3.141.59.jar:/Users/joyshen/.m2/repository/org/seleniumhq/selenium/selenium-opera-driver/3.141.59/selenium-opera-driver-3.141.59.jar:/Users/joyshen/.m2/repository/org/seleniumhq/selenium/selenium-remote-driver/3.141.59/selenium-remote-driver-3.141.59.jar:/Users/joyshen/.m2/repository/org/seleniumhq/selenium/selenium-safari-driver/3.141.59/selenium-safari-driver-3.141.59.jar:/Users/joyshen/.m2/repository/org/seleniumhq/selenium/selenium-support/3.141.59/selenium-support-3.141.59.jar:/Users/joyshen/.m2/repository/net/bytebuddy/byte-buddy/1.8.15/byte-buddy-1.8.15.jar:/Users/joyshen/.m2/repository/org/apache/commons/commons-exec/1.3/commons-exec-1.3.jar:/Users/joyshen/.m2/repository/com/google/guava/guava/25.0-jre/guava-25.0-jre.jar:/Users/joyshen/.m2/repository/com/google/code/findbugs/jsr305/1.3.9/jsr305-1.3.9.jar:/Users/joyshen/.m2/repository/org/checkerframework/checker-compat-qual/2.0.0/checker-compat-qual-2.0.0.jar:/Users/joyshen/.m2/repository/com/google/errorprone/error_prone_annotations/2.1.3/error_prone_annotations-2.1.3.jar:/Users/joyshen/.m2/repository/com/google/j2objc/j2objc-annotations/1.1/j2objc-annotations-1.1.jar:/Users/joyshen/.m2/repository/org/codehaus/mojo/animal-sniffer-annotations/1.14/animal-sniffer-annotations-1.14.jar:/Users/joyshen/.m2/repository/com/squareup/okhttp3/okhttp/3.11.0/okhttp-3.11.0.jar:/Users/joyshen/.m2/repository/com/squareup/okio/okio/1.14.0/okio-1.14.0.jar:/Users/joyshen/.m2/repository/io/appium/java-client/7.0.0/java-client-7.0.0.jar:/Users/joyshen/.m2/repository/com/google/code/gson/gson/2.8.5/gson-2.8.5.jar:/Users/joyshen/.m2/repository/org/apache/httpcomponents/httpclient/4.5.6/httpclient-4.5.6.jar:/Users/joyshen/.m2/repository/org/apache/httpcomponents/httpcore/4.4.10/httpcore-4.4.10.jar:/Users/joyshen/.m2/repository/commons-logging/commons-logging/1.2/commons-logging-1.2.jar:/Users/joyshen/.m2/repository/cglib/cglib/3.2.8/cglib-3.2.8.jar:/Users/joyshen/.m2/repository/org/ow2/asm/asm/6.2.1/asm-6.2.1.jar:/Users/joyshen/.m2/repository/commons-validator/commons-validator/1.6/commons-validator-1.6.jar:/Users/joyshen/.m2/repository/commons-beanutils/commons-beanutils/1.9.2/commons-beanutils-1.9.2.jar:/Users/joyshen/.m2/repository/commons-digester/commons-digester/1.8.1/commons-digester-1.8.1.jar:/Users/joyshen/.m2/repository/commons-collections/commons-collections/3.2.2/commons-collections-3.2.2.jar:/Users/joyshen/.m2/repository/org/apache/commons/commons-lang3/3.8/commons-lang3-3.8.jar:/Users/joyshen/.m2/repository/commons-io/commons-io/2.6/commons-io-2.6.jar:/Users/joyshen/.m2/repository/org/springframework/spring-context/5.1.0.RELEASE/spring-context-5.1.0.RELEASE.jar:/Users/joyshen/.m2/repository/org/springframework/spring-aop/5.1.0.RELEASE/spring-aop-5.1.0.RELEASE.jar:/Users/joyshen/.m2/repository/org/springframework/spring-beans/5.1.0.RELEASE/spring-beans-5.1.0.RELEASE.jar:/Users/joyshen/.m2/repository/org/springframework/spring-core/5.1.0.RELEASE/spring-core-5.1.0.RELEASE.jar:/Users/joyshen/.m2/repository/org/springframework/spring-jcl/5.1.0.RELEASE/spring-jcl-5.1.0.RELEASE.jar:/Users/joyshen/.m2/repository/org/springframework/spring-expression/5.1.0.RELEASE/spring-expression-5.1.0.RELEASE.jar:/Users/joyshen/.m2/repository/org/aspectj/aspectjweaver/1.9.1/aspectjweaver-1.9.1.jar:/Users/joyshen/.m2/repository/org/slf4j/slf4j-api/1.7.25/slf4j-api-1.7.25.jar:/Users/joyshen/.m2/repository/org/uncommons/reportng/1.1.4/reportng-1.1.4.jar:/Users/joyshen/.m2/repository/velocity/velocity/1.4/velocity-1.4.jar:/Users/joyshen/.m2/repository/velocity/velocity-dep/1.4/velocity-dep-1.4.jar:/Users/joyshen/.m2/repository/javax/mail/mail/1.4.7/mail-1.4.7.jar:/Users/joyshen/.m2/repository/javax/activation/activation/1.1/activation-1.1.jar:/Users/joyshen/.m2/repository/com/google/inject/guice/4.2.2/guice-4.2.2.jar:/Users/joyshen/.m2/repository/javax/inject/javax.inject/1/javax.inject-1.jar:/Users/joyshen/.m2/repository/aopalliance/aopalliance/1.0/aopalliance-1.0.jar:/Users/joyshen/.m2/repository/com/aventstack/extentreports/3.1.2/extentreports-3.1.2.jar:/Users/joyshen/.m2/repository/org/freemarker/freemarker/2.3.23/freemarker-2.3.23.jar:/Users/joyshen/.m2/repository/org/mongodb/mongodb-driver/3.3.0/mongodb-driver-3.3.0.jar:/Users/joyshen/.m2/repository/org/mongodb/bson/3.3.0/bson-3.3.0.jar:/Users/joyshen/.m2/repository/org/mongodb/mongodb-driver-core/3.3.0/mongodb-driver-core-3.3.0.jar:/Users/joyshen/.m2/repository/org/apache/httpcomponents/httpmime/4.5.2/httpmime-4.5.2.jar:/Users/joyshen/.m2/repository/org/jsoup/jsoup/1.9.2/jsoup-1.9.2.jar:/Users/joyshen/.m2/repository/org/testng/testng/6.9.5/testng-6.9.5.jar:/Users/joyshen/.m2/repository/junit/junit/4.10/junit-4.10.jar:/Users/joyshen/.m2/repository/org/hamcrest/hamcrest-core/1.1/hamcrest-core-1.1.jar:/Users/joyshen/.m2/repository/com/beust/jcommander/1.48/jcommander-1.48.jar:/Users/joyshen/.m2/repository/org/apache/ant/ant/1.7.0/ant-1.7.0.jar:/Users/joyshen/.m2/repository/org/apache/ant/ant-launcher/1.7.0/ant-launcher-1.7.0.jar:/Users/joyshen/.m2/repository/com/google/inject/guice/4.0/guice-4.0-no_aop.jar:/Users/joyshen/.m2/repository/org/yaml/snakeyaml/1.15/snakeyaml-1.15.jar:/Users/joyshen/.m2/repository/org/beanshell/bsh/2.0b4/bsh-2.0b4.jar:/Users/joyshen/.m2/repository/org/apache/poi/poi/4.1.0/poi-4.1.0.jar:/Users/joyshen/.m2/repository/commons-codec/commons-codec/1.12/commons-codec-1.12.jar:/Users/joyshen/.m2/repository/org/apache/commons/commons-collections4/4.3/commons-collections4-4.3.jar:/Users/joyshen/.m2/repository/org/apache/commons/commons-math3/3.6.1/commons-math3-3.6.1.jar:/Users/joyshen/.m2/repository/org/apache/poi/poi-ooxml/4.1.0/poi-ooxml-4.1.0.jar:/Users/joyshen/.m2/repository/org/apache/poi/poi-ooxml-schemas/4.1.0/poi-ooxml-schemas-4.1.0.jar:/Users/joyshen/.m2/repository/org/apache/xmlbeans/xmlbeans/3.1.0/xmlbeans-3.1.0.jar:/Users/joyshen/.m2/repository/org/apache/commons/commons-compress/1.18/commons-compress-1.18.jar:/Users/joyshen/.m2/repository/com/github/virtuald/curvesapi/1.06/curvesapi-1.06.jar:/Users/joyshen/.m2/repository/log4j/log4j/1.2.15/log4j-1.2.15.jar:/Users/joyshen/.m2/repository/com/relevantcodes/extentreports/2.41.2/extentreports-2.41.2.jar:/Users/joyshen/.m2/repository/org/xerial/sqlite-jdbc/3.8.11.1/sqlite-jdbc-3.8.11.1.jar:/Users/joyshen/.m2/repository/org/apache/logging/log4j/log4j-core/2.12.0/log4j-core-2.12.0.jar:/Users/joyshen/.m2/repository/org/apache/logging/log4j/log4j-api/2.12.0/log4j-api-2.12.0.jar:"/>
    <property name="sun.cpu.endian" value="little"/>
    <property name="user.home" value="/Users/joyshen"/>
    <property name="user.language" value="zh"/>
    <property name="java.specification.vendor" value="Oracle Corporation"/>
    <property name="java.version.date" value="2018-07-17"/>
    <property name="java.home" value="/Library/Java/JavaVirtualMachines/jdk-10.0.2.jdk/Contents/Home"/>
    <property name="file.separator" value="/"/>
    <property name="basedir" value="/Users/joyshen/VRMakerAutomation"/>
    <property name="java.vm.compressedOopsMode" value="Zero based"/>
    <property name="line.separator" value="&#10;"/>
    <property name="java.specification.name" value="Java Platform API Specification"/>
    <property name="java.vm.specification.vendor" value="Oracle Corporation"/>
    <property name="java.awt.graphicsenv" value="sun.awt.CGraphicsEnvironment"/>
    <property name="surefire.real.class.path" value="/Users/joyshen/VRMakerAutomation/target/surefire/surefirebooter7112198576428634502.jar"/>
    <property name="user.script" value="Hant"/>
    <property name="sun.management.compiler" value="HotSpot 64-Bit Tiered Compilers"/>
    <property name="ftp.nonProxyHosts" value="local|*.local|169.254/16|*.169.254/16"/>
    <property name="java.runtime.version" value="10.0.2+13"/>
    <property name="user.name" value="joyshen"/>
    <property name="path.separator" value=":"/>
    <property name="os.version" value="10.14.6"/>
    <property name="java.runtime.name" value="Java(TM) SE Runtime Environment"/>
    <property name="file.encoding" value="UTF-8"/>
    <property name="java.vm.name" value="Java HotSpot(TM) 64-Bit Server VM"/>
    <property name="java.vendor.version" value="18.3"/>
    <property name="localRepository" value="/Users/joyshen/.m2/repository"/>
    <property name="java.vendor.url.bug" value="http://bugreport.java.com/bugreport/"/>
    <property name="java.io.tmpdir" value="/var/folders/5m/yxy458kd7zj1t7mlzl3y863h0000gn/T/"/>
    <property name="java.version" value="10.0.2"/>
    <property name="user.dir" value="/Users/joyshen/VRMakerAutomation/target"/>
    <property name="os.arch" value="x86_64"/>
    <property name="java.vm.specification.name" value="Java Virtual Machine Specification"/>
    <property name="java.awt.printerjob" value="sun.lwawt.macosx.CPrinterJob"/>
    <property name="sun.os.patch.level" value="unknown"/>
    <property name="java.library.path" value="/Users/joyshen/Library/Java/Extensions:/Library/Java/Extensions:/Network/Library/Java/Extensions:/System/Library/Java/Extensions:/usr/lib/java:."/>
    <property name="java.vendor" value="Oracle Corporation"/>
    <property name="java.vm.info" value="mixed mode"/>
    <property name="java.vm.version" value="10.0.2+13"/>
    <property name="sun.io.unicode.encoding" value="UnicodeBig"/>
    <property name="java.class.version" value="54.0"/>
    <property name="socksNonProxyHosts" value="local|*.local|169.254/16|*.169.254/16"/>
  </properties>
  <testcase name="runTest" classname="cases.InvalidLoginTest" time="6.092"/>
</testsuite>