<?xml version="1.0" encoding="UTF-8"?>
<!-- Generated by org.testng.reporters.JUnitReportReporter -->
<testsuite hostname="joy-MacBook-Pro.local" failures="0" tests="2" name="cases.AccountLogoutTest" time="68.055" errors="0" timestamp="27 Nov 2019 09:00:23 GMT">
  <testcase classname="cases.AccountLogoutTest" name="validLoginTest" time="30.349"/>
  <testcase classname="cases.AccountLogoutTest" name="accountLogoutTest" time="37.706"/>
</testsuite> <!-- cases.AccountLogoutTest -->
