<?xml version="1.0" encoding="UTF-8"?>
<!-- Generated by org.testng.reporters.JUnitReportReporter -->
<testsuite hostname="joy-MacBook-Pro.local" failures="0" tests="1" name="cases.DeletePropLogoTest" time="40.945" errors="0" timestamp="28 Oct 2019 09:54:22 GMT">
  <testcase classname="cases.DeletePropLogoTest" name="deletePropLogo" time="40.945"/>
</testsuite> <!-- cases.DeletePropLogoTest -->
