<?xml version="1.0" encoding="UTF-8"?>
<!-- Generated by org.testng.reporters.JUnitReportReporter -->
<testsuite hostname="joy-MacBook-Pro.local" failures="0" tests="1" name="cases.SearchPropertyTest" time="15.901" errors="0" timestamp="13 Nov 2019 03:19:22 GMT">
  <testcase classname="cases.SearchPropertyTest" name="validLoginTest" time="15.901"/>
</testsuite> <!-- cases.SearchPropertyTest -->
