<?xml version="1.0" encoding="UTF-8"?>
<!-- Generated by org.testng.reporters.JUnitReportReporter -->
<testsuite hostname="joy-MacBook-Pro.local" failures="0" tests="1" name="cases.EmptyPasswordLoginTest" time="5.658" errors="0" timestamp="13 Nov 2019 02:10:53 GMT">
  <testcase classname="cases.EmptyPasswordLoginTest" name="invalidLoginTest" time="5.658"/>
</testsuite> <!-- cases.EmptyPasswordLoginTest -->
