<?xml version="1.0" encoding="UTF-8"?>
<!-- Generated by org.testng.reporters.JUnitReportReporter -->
<testsuite hostname="joy-MacBook-Pro.local" failures="0" tests="1" name="cases.AddDefaultLivetourTest" time="40.780" errors="0" timestamp="11 Nov 2019 06:09:12 GMT">
  <testcase classname="cases.AddDefaultLivetourTest" name="addDefaultLivetour" time="40.780"/>
</testsuite> <!-- cases.AddDefaultLivetourTest -->
