<?xml version="1.0" encoding="UTF-8"?>
<!-- Generated by org.testng.reporters.JUnitReportReporter -->
<testsuite hostname="joy-MacBook-Pro.local" failures="0" tests="1" name="cases.AddInvalidDefaultLivetourTest" time="38.710" errors="0" timestamp="11 Nov 2019 06:39:09 GMT">
  <testcase classname="cases.AddInvalidDefaultLivetourTest" name="addDefaultLivetour" time="38.710"/>
</testsuite> <!-- cases.AddInvalidDefaultLivetourTest -->
