<?xml version="1.0" encoding="UTF-8"?>
<!-- Generated by org.testng.reporters.JUnitReportReporter -->
<testsuite hostname="joy-MacBook-Pro.local" failures="0" tests="1" name="cases.AccountLoginTest" time="29.491" errors="0" timestamp="4 Dec 2019 01:54:10 GMT">
  <testcase classname="cases.AccountLoginTest" name="validLoginTest" time="29.491"/>
</testsuite> <!-- cases.AccountLoginTest -->
