<?xml version="1.0" encoding="UTF-8"?>
<!-- Generated by org.testng.reporters.JUnitReportReporter -->
<testsuite hostname="joy-MacBook-Pro" failures="0" tests="1" name="cases.CreateNewLiveTourTest" time="39.717" errors="0" timestamp="12 Dec 2019 03:02:31 GMT">
  <testcase classname="cases.CreateNewLiveTourTest" name="runTest" time="39.717"/>
</testsuite> <!-- cases.CreateNewLiveTourTest -->
