<?xml version="1.0" encoding="UTF-8"?>
<!-- Generated by org.testng.reporters.JUnitReportReporter -->
<testsuite hostname="joy-MacBook-Pro.local" failures="0" tests="1" name="cases.DeleteDefaultLivetourTest" time="39.942" errors="0" timestamp="11 Nov 2019 09:41:08 GMT">
  <testcase classname="cases.DeleteDefaultLivetourTest" name="addDefaultLivetour" time="39.942"/>
</testsuite> <!-- cases.DeleteDefaultLivetourTest -->
