<?xml version="1.0" encoding="UTF-8"?>
<!-- Generated by org.testng.reporters.JUnitReportReporter -->
<testsuite hostname="joy-MacBook-Pro.local" failures="0" tests="1" name="cases.EmptyInvalidLoginTest" time="5.889" errors="0" timestamp="12 Nov 2019 03:27:30 GMT">
  <testcase classname="cases.EmptyInvalidLoginTest" name="invalidLoginTest" time="5.889"/>
</testsuite> <!-- cases.EmptyInvalidLoginTest -->
