<?xml version="1.0" encoding="UTF-8"?>
<!-- Generated by org.testng.reporters.JUnitReportReporter -->
<testsuite hostname="joy-MacBook-Pro.local" failures="0" tests="1" name="cases.AccountLoginTest" time="31.616" errors="0" timestamp="27 Nov 2019 08:49:15 GMT">
  <testcase classname="cases.AccountLoginTest" name="validLoginTest" time="31.616"/>
</testsuite> <!-- cases.AccountLoginTest -->
