<?xml version="1.0" encoding="UTF-8"?>
<!-- Generated by org.testng.reporters.JUnitReportReporter -->
<testsuite hostname="joy-MacBook-Pro.local" failures="0" tests="2" name="cases.CreateNewLiveTourTest" time="74.323" errors="0" timestamp="27 Nov 2019 08:53:26 GMT">
  <testcase classname="cases.CreateNewLiveTourTest" name="createNewLiveTourTest" time="41.681"/>
  <testcase classname="cases.CreateNewLiveTourTest" name="validLoginTest" time="32.642"/>
</testsuite> <!-- cases.CreateNewLiveTourTest -->
