<?xml version="1.0" encoding="UTF-8"?>
<!-- Generated by org.testng.reporters.JUnitReportReporter -->
<testsuite hostname="joy-MacBook-Pro.local" failures="0" tests="1" name="cases.InvalidUpdateHouseInfoTest" time="35.554" errors="0" timestamp="13 Nov 2019 02:38:38 GMT">
  <testcase classname="cases.InvalidUpdateHouseInfoTest" name="addDefaultLivetour" time="35.554"/>
</testsuite> <!-- cases.InvalidUpdateHouseInfoTest -->
