<?xml version="1.0" encoding="UTF-8"?>
<!-- Generated by org.testng.reporters.JUnitReportReporter -->
<testsuite hostname="joy-MacBook-Pro.local" failures="0" tests="4" name="demo.BrowserTest" time="21.520" errors="0" timestamp="13 Aug 2019 09:07:05 GMT">
  <testcase classname="demo.BrowserTest" name="browser" time="5.374"/>
  <testcase classname="demo.BrowserTest" name="browser" time="5.501"/>
  <testcase classname="demo.BrowserTest" name="browser" time="5.415"/>
  <testcase classname="demo.BrowserTest" name="browser" time="5.230"/>
</testsuite> <!-- demo.BrowserTest -->
