<?xml version="1.0" encoding="UTF-8"?>
<!-- Generated by org.testng.reporters.JUnitReportReporter -->
<testsuite hostname="joy-MacBook-Pro.local" failures="0" tests="1" name="cases.InvalidLoginTest" time="26.875" errors="0" timestamp="16 Dec 2019 09:59:54 GMT">
  <testcase classname="cases.InvalidLoginTest" name="runTest" time="26.875"/>
</testsuite> <!-- cases.InvalidLoginTest -->
