<?xml version="1.0" encoding="UTF-8"?>
<!-- Generated by org.testng.reporters.JUnitReportReporter -->
<testsuite hostname="joy-MacBook-Pro.local" failures="0" tests="1" name="cases.ImportPhotosFromGalleryTest" time="187.133" errors="0" timestamp="25 Dec 2019 07:24:14 GMT">
  <testcase classname="cases.ImportPhotosFromGalleryTest" name="runTest" time="187.133"/>
</testsuite> <!-- cases.ImportPhotosFromGalleryTest -->
