<?xml version="1.0" encoding="UTF-8"?>
<!-- Generated by org.testng.reporters.JUnitReportReporter -->
<testsuite hostname="joy-MacBook-Pro.local" failures="0" tests="1" name="cases.AccountLogoutTest" time="36.412" errors="0" timestamp="11 Dec 2019 09:31:32 GMT">
  <testcase classname="cases.AccountLogoutTest" name="runTest" time="36.412"/>
</testsuite> <!-- cases.AccountLogoutTest -->
