<?xml version="1.0" encoding="UTF-8"?>
<!-- Generated by org.testng.reporters.JUnitReportReporter -->
<testsuite hostname="joy-MacBook-Pro.local" failures="0" tests="1" name="cases.CreateNewPropertyTest" time="43.485" errors="0" timestamp="11 Nov 2019 09:28:25 GMT">
  <testcase classname="cases.CreateNewPropertyTest" name="createNewPropertyTest" time="43.485"/>
</testsuite> <!-- cases.CreateNewPropertyTest -->
