<?xml version="1.0" encoding="UTF-8"?>
<!-- Generated by org.testng.reporters.JUnitReportReporter -->
<testsuite hostname="joy-MacBook-Pro.local" failures="0" tests="2" name="cases.BrowserTest" time="6.663" errors="0" timestamp="14 Aug 2019 00:33:57 GMT">
  <testcase classname="cases.BrowserTest" name="validLoginTest" time="3.316"/>
  <testcase classname="cases.BrowserTest" name="validLoginTest" time="3.347"/>
</testsuite> <!-- cases.BrowserTest -->
