<?xml version="1.0" encoding="UTF-8"?>
<!-- Generated by org.testng.reporters.JUnitReportReporter -->
<testsuite hostname="joy-MacBook-Pro.local" failures="0" tests="1" name="cases.ValidUpdateHouseInfoTest" time="35.098" errors="0" timestamp="13 Nov 2019 03:53:22 GMT">
  <testcase classname="cases.ValidUpdateHouseInfoTest" name="validUpdateHouseInfo" time="35.098"/>
</testsuite> <!-- cases.ValidUpdateHouseInfoTest -->
