<?xml version="1.0" encoding="UTF-8"?>
<!-- Generated by org.testng.reporters.JUnitReportReporter -->
<testsuite hostname="joy-MacBook-Pro.local" failures="0" tests="1" name="cases.EmptyAccountLoginTest" time="5.972" errors="0" timestamp="12 Nov 2019 03:20:05 GMT">
  <testcase classname="cases.EmptyAccountLoginTest" name="invalidLoginTest" time="5.972"/>
</testsuite> <!-- cases.EmptyAccountLoginTest -->
