<?xml version="1.0" encoding="UTF-8"?>
<!-- Generated by org.testng.reporters.JUnitReportReporter -->
<testsuite hostname="joy-MacBook-Pro.local" failures="0" tests="1" name="cases.ShareLinkTest" time="24.031" errors="0" timestamp="13 Nov 2019 03:52:15 GMT">
  <testcase classname="cases.ShareLinkTest" name="validLoginTest" time="24.031"/>
</testsuite> <!-- cases.ShareLinkTest -->
