<?xml version="1.0" encoding="UTF-8"?>
<!-- Generated by org.testng.reporters.JUnitReportReporter -->
<testsuite hostname="joy-MacBook-Pro.local" failures="0" tests="1" name="cases.DeleteNewPropertyTest" time="22.786" errors="0" timestamp="11 Nov 2019 09:34:58 GMT">
  <testcase classname="cases.DeleteNewPropertyTest" name="validLoginTest" time="22.786"/>
</testsuite> <!-- cases.DeleteNewPropertyTest -->
